<?xml version="1.0" encoding="UTF-8"?>
<!-- Generated by org.testng.reporters.JUnitReportReporter -->
<testsuite hostname="GVG134" failures="0" tests="1" name="CucumberOptions.TestNGTestRunner" time="46.984" errors="0" timestamp="2022-11-25T20:03:25 IST" skipped="0">
  <testcase classname="CucumberOptions.TestNGTestRunner" name="runScenario" time="46.984"/>
  <system-out/>
</testsuite> <!-- CucumberOptions.TestNGTestRunner -->
